<?xml version="1.0" encoding="UTF-8"?>
<!-- Generated by org.testng.reporters.JUnitXMLReporter -->
<testsuite ignored="1" hostname="Spidy" failures="0" tests="1" name="Default test(failed)" time="9.756" errors="0" timestamp="04 Sept 2024 09:13:57 GMT">
  <testcase classname="practice.Listenertest.InvoiceTest" name="createInvoiceTest" time="0.013"/>
  <testcase classname="practice.Listenertest.InvoiceTest" name="createInvoiceWithContactTestTest" time="0.0">
    <ignored/>
  </testcase> <!-- createInvoiceWithContactTestTest -->
</testsuite> <!-- Default test(failed) -->
