<?xml version="1.0" encoding="UTF-8"?>
<!-- Generated by org.testng.reporters.JUnitXMLReporter -->
<testsuite ignored="0" hostname="Spidy" failures="0" tests="4" name="Test1" time="101.545" errors="0" timestamp="06 Sept 2024 14:48:53 GMT">
  <testcase classname="com.comcast.crm.org_Testngtest.OrganizationTest" name="createOrganizationTest" time="16.486"/>
  <testcase classname="com.comcast.crm.org_Testngtest.OrganizationTest" name="createOrganizationWithIndustriesTest" time="15.967"/>
  <testcase classname="com.comcast.crm.org_Testngtest.OrganizationTest" name="createOrganizationWithPhoneNumberTest" time="15.18"/>
  <testcase classname="com.comcast.crm.org_Testngtest.OrganizationTest" name="deleteOrganizationTest" time="21.669"/>
</testsuite> <!-- Test1 -->
