<?xml version="1.0" encoding="UTF-8"?>
<!-- Generated by org.testng.reporters.JUnitXMLReporter -->
<testsuite ignored="2" hostname="Spidy" failures="0" tests="7" name="TestRunner-Edge" time="134.59" errors="0" timestamp="07 Sept 2024 11:53:32 GMT">
  <testcase classname="com.comcast.crm.org_Testngtest.Organization_CrossBrowserTest" name="createOrganizationTest" time="7.943"/>
  <testcase classname="com.comcast.crm.org_Testngtest.Organization_CrossBrowserTest" name="createOrganizationWithIndustriesTest" time="7.708"/>
  <testcase classname="com.comcast.crm.org_Testngtest.Organization_CrossBrowserTest" name="createOrganizationWithPhoneNumberTest" time="7.264"/>
  <testcase classname="com.comcast.crm.org_Testngtest.Organization_CrossBrowserTest" name="deleteOrganizationTest" time="11.875"/>
  <testcase classname="com.comcast.crm.contact_Testngtest.Contact_CrossBrowserTest" name="createContactTest" time="6.888"/>
  <testcase classname="com.comcast.crm.contact_Testngtest.Contact_CrossBrowserTest" name="createContactWithSupportDateTest" time="7.509"/>
  <testcase classname="com.comcast.crm.contact_Testngtest.Contact_CrossBrowserTest" name="createcontactWithOrgTest" time="15.67"/>
  <testcase classname="com.comcast.crm.basetest.BaseClass_CrossBrowser" name="@BeforeSuite configBS" time="0.0">
    <ignored/>
  </testcase> <!-- @BeforeSuite configBS -->
  <testcase classname="com.comcast.crm.basetest.BaseClass_CrossBrowser" name="@AfterSuite configAS" time="0.0">
    <ignored/>
  </testcase> <!-- @AfterSuite configAS -->
</testsuite> <!-- TestRunner-Edge -->
