<?xml version="1.0" encoding="UTF-8"?>
<!-- Generated by org.testng.reporters.JUnitXMLReporter -->
<testsuite ignored="2" hostname="Spidy" failures="0" tests="7" name="TestRunner-Chrome" time="170.464" errors="0" timestamp="07 Sept 2024 11:51:18 GMT">
  <testcase classname="com.comcast.crm.org_Testngtest.Organization_CrossBrowserTest" name="createOrganizationTest" time="12.017"/>
  <testcase classname="com.comcast.crm.org_Testngtest.Organization_CrossBrowserTest" name="createOrganizationWithIndustriesTest" time="12.788"/>
  <testcase classname="com.comcast.crm.org_Testngtest.Organization_CrossBrowserTest" name="createOrganizationWithPhoneNumberTest" time="10.226"/>
  <testcase classname="com.comcast.crm.org_Testngtest.Organization_CrossBrowserTest" name="deleteOrganizationTest" time="15.292"/>
  <testcase classname="com.comcast.crm.contact_Testngtest.Contact_CrossBrowserTest" name="createContactTest" time="9.861"/>
  <testcase classname="com.comcast.crm.contact_Testngtest.Contact_CrossBrowserTest" name="createContactWithSupportDateTest" time="11.673"/>
  <testcase classname="com.comcast.crm.contact_Testngtest.Contact_CrossBrowserTest" name="createcontactWithOrgTest" time="19.339"/>
  <testcase classname="com.comcast.crm.basetest.BaseClass_CrossBrowser" name="@BeforeSuite configBS" time="0.0">
    <ignored/>
  </testcase> <!-- @BeforeSuite configBS -->
  <testcase classname="com.comcast.crm.basetest.BaseClass_CrossBrowser" name="@AfterSuite configAS" time="0.0">
    <ignored/>
  </testcase> <!-- @AfterSuite configAS -->
</testsuite> <!-- TestRunner-Chrome -->
