<?xml version="1.0" encoding="UTF-8"?>
<!-- Generated by org.testng.reporters.JUnitXMLReporter -->
<testsuite ignored="0" hostname="Spidy" failures="0" tests="3" name="Test2" time="89.665" errors="0" timestamp="06 Sept 2024 14:48:41 GMT">
  <testcase classname="com.comcast.crm.contact_Testngtest.ContactTest" name="createContactTest" time="15.453"/>
  <testcase classname="com.comcast.crm.contact_Testngtest.ContactTest" name="createContactWithSupportDateTest" time="16.399"/>
  <testcase classname="com.comcast.crm.contact_Testngtest.ContactTest" name="createcontactWithOrgTest" time="30.611"/>
</testsuite> <!-- Test2 -->
