<?xml version="1.0" encoding="UTF-8"?>
<!-- Generated by org.testng.reporters.JUnitXMLReporter -->
<testsuite ignored="3" hostname="Spidy" failures="0" tests="1" name="TestRunner-FireFox(failed)" time="27.958" errors="0" timestamp="07 Sept 2024 12:03:59 GMT">
  <testcase classname="com.comcast.crm.org_Testngtest.Organization_CrossBrowserTest" name="deleteOrganizationTest" time="13.425"/>
  <testcase classname="com.comcast.crm.org_Testngtest.Organization_CrossBrowserTest" name="createOrganizationWithPhoneNumberTest" time="0.0">
    <ignored/>
  </testcase> <!-- createOrganizationWithPhoneNumberTest -->
  <testcase classname="com.comcast.crm.org_Testngtest.Organization_CrossBrowserTest" name="createOrganizationTest" time="0.0">
    <ignored/>
  </testcase> <!-- createOrganizationTest -->
  <testcase classname="com.comcast.crm.org_Testngtest.Organization_CrossBrowserTest" name="createOrganizationWithIndustriesTest" time="0.0">
    <ignored/>
  </testcase> <!-- createOrganizationWithIndustriesTest -->
</testsuite> <!-- TestRunner-FireFox(failed) -->
